Build started 2021/8/17 20:52:20.
     1>Project "G:\Programming\C++_Qt\RoomEnvironmentMonitor\RoomEnvironmentMonitor.vcxproj" on node 2 (Build target(s)).
     1>ClCompile:
         F:\Microsoft Visual Studio 14.0\VC\bin\x86_amd64\CL.exe /c /I. /IF:\Qt\Qt5.6.0\5.6\msvc2015_64\include /IF:\Qt\Qt5.6.0\5.6\msvc2015_64\include\QtWidgets /IF:\Qt\Qt5.6.0\5.6\msvc2015_64\include\QtGui /IF:\Qt\Qt5.6.0\5.6\msvc2015_64\include\QtANGLE /IF:\Qt\Qt5.6.0\5.6\msvc2015_64\include\QtNetwork /IF:\Qt\Qt5.6.0\5.6\msvc2015_64\include\QtWebChannel /IF:\Qt\Qt5.6.0\5.6\msvc2015_64\include\QtCore /Itemp\debug\moc /I"F:\Qt\Qt5.6.0\5.6\msvc2015_64\mkspecs\win32-msvc2015" /I"C:\Program Files (x86)\Visual Leak Detector\include" /Zi /nologo /W3 /WX- /Od /D _WINDOWS /D UNICODE /D WIN32 /D WIN64 /D QT_WIDGETS_LIB /D QT_GUI_LIB /D QT_NETWORK_LIB /D QT_WEBCHANNEL_LIB /D QT_CORE_LIB /Gm- /EHsc /MDd /GS /fp:precise /Zc:wchar_t /Zc:forScope /Zc:inline /GR /Fo"temp\debug\obj\\" /Fd"temp\debug\obj\vc140.pdb" /Gd /TP /wd4577 /errorReport:prompt -Zc:strictStrings -Zc:throwingNew -w34100 -w34189 -w44996 -w44456 -w44457 -w44458 code\simpleinfo\simpleweatherinfo.cpp
         simpleweatherinfo.cpp
     1>g:\programming\c++_qt\roomenvironmentmonitor\code\simpleinfo\../common/comdefine.h : warning C4819: The file contains a character that cannot be represented in the current code page (936). Save the file in Unicode format to prevent data loss
       Link:
         F:\Microsoft Visual Studio 14.0\VC\bin\x86_amd64\link.exe /ERRORREPORT:PROMPT /OUT:"output\debug\\RoomEnvironmentMonitor.exe" /VERSION:"0.0" /NOLOGO /LIBPATH:F:\Qt\Qt5.6.0\5.6\msvc2015_64\lib /LIBPATH:C:\utils\postgresql\pgsql\lib /LIBPATH:C:\utils\my_sql\my_sql\lib /LIBPATH:"C:\Program Files (x86)\Visual Leak Detector\lib\Win64" /LIBPATH:"F:\wxWidgets\wxWidgets-3.0.5\lib\vc140_x64_dll" F:\Qt\Qt5.6.0\5.6\msvc2015_64\lib\qtmaind.lib shell32.lib F:\Qt\Qt5.6.0\5.6\msvc2015_64\lib\Qt5Widgetsd.lib F:\Qt\Qt5.6.0\5.6\msvc2015_64\lib\Qt5Guid.lib F:\Qt\Qt5.6.0\5.6\msvc2015_64\lib\Qt5Networkd.lib F:\Qt\Qt5.6.0\5.6\msvc2015_64\lib\Qt5WebChanneld.lib F:\Qt\Qt5.6.0\5.6\msvc2015_64\lib\Qt5Cored.lib opencv_world310.lib opencv_world310d.lib kernel32.lib user32.lib gdi32.lib winspool.lib comdlg32.lib advapi32.lib shell32.lib ole32.lib oleaut32.lib uuid.lib odbc32.lib odbccp32.lib /MANIFEST /MANIFESTUAC:"level='asInvoker' uiAccess='false'" /manifest:embed /Debug /PDB:"output\debug\RoomEnvironmentMonitor.pdb" /SUBSYSTEM:WINDOWS /TLBID:1 /DYNAMICBASE /NXCOMPAT /MACHINE:X64 "/MANIFESTDEPENDENCY:type='win32' name='Microsoft.Windows.Common-Controls' version='6.0.0.0' publicKeyToken='6595b64144ccf1df' language='*' processorArchitecture='*'" temp\debug\obj\RoomEnvironmentMonitor_resource.res
         temp\debug\obj\comdefine.obj
         temp\debug\obj\dialplate.obj
         temp\debug\obj\iteminfobase.obj
         temp\debug\obj\main.obj
         temp\debug\obj\precipitationforecast.obj
         temp\debug\obj\roomenvironmentmonitor.obj
         temp\debug\obj\simpleweatherinfo.obj
         temp\debug\obj\topinfo.obj
         temp\debug\obj\weatherinfotoday.obj
         temp\debug\obj\moc_iteminfobase.obj
         temp\debug\obj\moc_roomenvironmentmonitor.obj
         temp\debug\obj\moc_topinfo.obj
         temp\debug\obj\moc_weatherinfotoday.obj
         temp\debug\obj\qrc_roomenvironmentmonitor.obj
         RoomEnvironmentMonitor.vcxproj -> G:\Programming\C++_Qt\RoomEnvironmentMonitor\output\debug\RoomEnvironmentMonitor.exe
     1>Done Building Project "G:\Programming\C++_Qt\RoomEnvironmentMonitor\RoomEnvironmentMonitor.vcxproj" (Build target(s)).

Build succeeded.

Time Elapsed 00:00:01.70
