g:\programming\c++_qt\roomenvironmentmonitor\temp\debug\obj\vc140.pdb
g:\programming\c++_qt\roomenvironmentmonitor\temp\debug\obj\qrc_roomenvironmentmonitor.obj
g:\programming\c++_qt\roomenvironmentmonitor\temp\debug\obj\moc_roomenvironmentmonitor.obj
g:\programming\c++_qt\roomenvironmentmonitor\temp\debug\obj\roomenvironmentmonitor.obj
g:\programming\c++_qt\roomenvironmentmonitor\temp\debug\obj\main.obj
g:\programming\c++_qt\roomenvironmentmonitor\temp\debug\obj\moc_topinfo.obj
g:\programming\c++_qt\roomenvironmentmonitor\temp\debug\moc\moc_roomenvironmentmonitor.cpp
g:\programming\c++_qt\roomenvironmentmonitor\temp\debug\moc\moc_topinfo.cpp
g:\programming\c++_qt\roomenvironmentmonitor\temp\debug\rc\qrc_roomenvironmentmonitor.cpp
g:\programming\c++_qt\roomenvironmentmonitor\temp\debug\obj\roomenvironmentmonitor_resource.res
g:\programming\c++_qt\roomenvironmentmonitor\output\debug\roomenvironmentmonitor.exe
g:\programming\c++_qt\roomenvironmentmonitor\temp\debug\obj\roomenvi.0e55473e.tlog\cl.command.1.tlog
g:\programming\c++_qt\roomenvironmentmonitor\temp\debug\obj\roomenvi.0e55473e.tlog\cl.read.1.tlog
g:\programming\c++_qt\roomenvironmentmonitor\temp\debug\obj\roomenvi.0e55473e.tlog\cl.write.1.tlog
g:\programming\c++_qt\roomenvironmentmonitor\temp\debug\obj\roomenvi.0e55473e.tlog\custombuild.command.1.tlog
g:\programming\c++_qt\roomenvironmentmonitor\temp\debug\obj\roomenvi.0e55473e.tlog\custombuild.read.1.tlog
g:\programming\c++_qt\roomenvironmentmonitor\temp\debug\obj\roomenvi.0e55473e.tlog\custombuild.write.1.tlog
g:\programming\c++_qt\roomenvironmentmonitor\temp\debug\obj\roomenvi.0e55473e.tlog\link.command.1.tlog
g:\programming\c++_qt\roomenvironmentmonitor\temp\debug\obj\roomenvi.0e55473e.tlog\link.read.1.tlog
g:\programming\c++_qt\roomenvironmentmonitor\temp\debug\obj\roomenvi.0e55473e.tlog\link.write.1.tlog
g:\programming\c++_qt\roomenvironmentmonitor\temp\debug\obj\roomenvi.0e55473e.tlog\rc.command.1.tlog
g:\programming\c++_qt\roomenvironmentmonitor\temp\debug\obj\roomenvi.0e55473e.tlog\rc.read.1.tlog
g:\programming\c++_qt\roomenvironmentmonitor\temp\debug\obj\roomenvi.0e55473e.tlog\rc.write.1.tlog
